<?xml version="1.0" encoding="UTF-8"?>
<!-- Generated by org.testng.reporters.JUnitReportReporter -->
<testsuite hostname="DESKTOP-RIBT87O" failures="0" tests="1" name="TestRunner" time="8.588" errors="0" timestamp="2021-10-10T15:18:37 MYT" skipped="0">
  <testcase classname="TestRunner" name="runScenario" time="8.588"/>
  <system-out/>
</testsuite> <!-- TestRunner -->
