<?xml version="1.0" encoding="UTF-8"?>
<!-- Generated by org.testng.reporters.JUnitReportReporter -->
<testsuite hostname="DESKTOP-RIBT87O" failures="0" tests="1" name="TestRunner" time="17.525" errors="0" timestamp="2021-10-10T23:22:41 MYT" skipped="0">
  <testcase classname="TestRunner" name="runScenario" time="17.525"/>
  <system-out/>
</testsuite> <!-- TestRunner -->
