<?xml version="1.0" encoding="UTF-8"?>
<!-- Generated by org.testng.reporters.JUnitReportReporter -->
<testsuite hostname="DESKTOP-RIBT87O" failures="0" tests="13" name="TestRunner" time="72.554" errors="0" timestamp="2021-10-10T18:23:18 MYT" skipped="0">
  <testcase classname="TestRunner" name="runScenario" time="0.763"/>
  <system-out/>
  <testcase classname="TestRunner" name="runScenario" time="3.749"/>
  <system-out/>
  <testcase classname="TestRunner" name="runScenario" time="11.908"/>
  <system-out/>
  <testcase classname="TestRunner" name="runScenario" time="0.808"/>
  <system-out/>
  <testcase classname="TestRunner" name="runScenario" time="8.741"/>
  <system-out/>
  <testcase classname="TestRunner" name="runScenario" time="9.409"/>
  <system-out/>
  <testcase classname="TestRunner" name="runScenario" time="1.271"/>
  <system-out/>
  <testcase classname="TestRunner" name="runScenario" time="7.436"/>
  <system-out/>
  <testcase classname="TestRunner" name="runScenario" time="11.472"/>
  <system-out/>
  <testcase classname="TestRunner" name="runScenario" time="7.634"/>
  <system-out/>
  <testcase classname="TestRunner" name="runScenario" time="0.357"/>
  <system-out/>
  <testcase classname="TestRunner" name="runScenario" time="0.882"/>
  <system-out/>
  <testcase classname="TestRunner" name="runScenario" time="8.124"/>
  <system-out/>
</testsuite> <!-- TestRunner -->
