<?xml version="1.0" encoding="UTF-8"?>
<!-- Generated by org.testng.reporters.JUnitReportReporter -->
<testsuite hostname="DESKTOP-RIBT87O" failures="0" tests="13" name="TestRunner" time="79.001" errors="0" timestamp="2021-10-10T15:12:33 MYT" skipped="0">
  <testcase classname="TestRunner" name="runScenario" time="0.731"/>
  <system-out/>
  <testcase classname="TestRunner" name="runScenario" time="3.630"/>
  <system-out/>
  <testcase classname="TestRunner" name="runScenario" time="12.807"/>
  <system-out/>
  <testcase classname="TestRunner" name="runScenario" time="0.805"/>
  <system-out/>
  <testcase classname="TestRunner" name="runScenario" time="8.949"/>
  <system-out/>
  <testcase classname="TestRunner" name="runScenario" time="0.776"/>
  <system-out/>
  <testcase classname="TestRunner" name="runScenario" time="8.721"/>
  <system-out/>
  <testcase classname="TestRunner" name="runScenario" time="8.755"/>
  <system-out/>
  <testcase classname="TestRunner" name="runScenario" time="15.114"/>
  <system-out/>
  <testcase classname="TestRunner" name="runScenario" time="8.455"/>
  <system-out/>
  <testcase classname="TestRunner" name="runScenario" time="0.351"/>
  <system-out/>
  <testcase classname="TestRunner" name="runScenario" time="0.862"/>
  <system-out/>
  <testcase classname="TestRunner" name="runScenario" time="9.045"/>
  <system-out/>
</testsuite> <!-- TestRunner -->
